2021-07-13 12:46:47.021  INFO 13412 --- [main] com.example.demo.spboot.SpAction         : Starting SpAction on banxian with PID 13412 (F:\demo\target\classes started by 半仙 in F:\demo)
2021-07-13 12:46:47.025  INFO 13412 --- [main] com.example.demo.spboot.SpAction         : No active profile set, falling back to default profiles: default
2021-07-13 12:46:47.101  INFO 13412 --- [main] ConfigServletWebServerApplicationContext : Refreshing org.springframework.boot.web.servlet.context.AnnotationConfigServletWebServerApplicationContext@2ce6c6ec: startup date [Tue Jul 13 12:46:47 CST 2021]; root of context hierarchy
2021-07-13 12:46:58.828  INFO 13412 --- [main] .s.d.r.c.RepositoryConfigurationDelegate : Multiple Spring Data modules found, entering strict repository configuration mode!
2021-07-13 12:47:01.565  INFO 13412 --- [main] trationDelegate$BeanPostProcessorChecker : Bean 'org.springframework.amqp.rabbit.annotation.RabbitBootstrapConfiguration' of type [org.springframework.amqp.rabbit.annotation.RabbitBootstrapConfiguration$$EnhancerBySpringCGLIB$$43104a44] is not eligible for getting processed by all BeanPostProcessors (for example: not eligible for auto-proxying)
2021-07-13 12:47:01.633  INFO 13412 --- [main] trationDelegate$BeanPostProcessorChecker : Bean 'org.springframework.ws.config.annotation.DelegatingWsConfiguration' of type [org.springframework.ws.config.annotation.DelegatingWsConfiguration$$EnhancerBySpringCGLIB$$213c5115] is not eligible for getting processed by all BeanPostProcessors (for example: not eligible for auto-proxying)
2021-07-13 12:47:01.690  INFO 13412 --- [main] .w.s.a.s.AnnotationActionEndpointMapping : Supporting [WS-Addressing August 2004, WS-Addressing 1.0]
2021-07-13 12:47:01.795  INFO 13412 --- [main] trationDelegate$BeanPostProcessorChecker : Bean 'org.springframework.transaction.annotation.ProxyTransactionManagementConfiguration' of type [org.springframework.transaction.annotation.ProxyTransactionManagementConfiguration$$EnhancerBySpringCGLIB$$7ca48c16] is not eligible for getting processed by all BeanPostProcessors (for example: not eligible for auto-proxying)
2021-07-13 12:47:02.246  INFO 13412 --- [main] o.s.b.w.embedded.tomcat.TomcatWebServer  : Tomcat initialized with port(s): 8080 (http)
2021-07-13 12:47:02.272  INFO 13412 --- [main] o.apache.catalina.core.StandardService   : Starting service [Tomcat]
2021-07-13 12:47:02.272  INFO 13412 --- [main] org.apache.catalina.core.StandardEngine  : Starting Servlet Engine: Apache Tomcat/8.5.28
2021-07-13 12:47:02.277  INFO 13412 --- [localhost-startStop-1] o.a.catalina.core.AprLifecycleListener   : The APR based Apache Tomcat Native library which allows optimal performance in production environments was not found on the java.library.path: [C:\Program Files\Java\jdk1.8.0_131\bin;C:\WINDOWS\Sun\Java\bin;C:\WINDOWS\system32;C:\WINDOWS;E:\vm16\bin\;E:\xshell\;D:\oracle\product\11.2.0\dbhome_1\bin;C:\ProgramData\Oracle\Java\javapath;C:\Program Files (x86)\Intel\Intel(R) Management Engine Components\iCLS\;C:\Program Files\Intel\Intel(R) Management Engine Components\iCLS\;C:\Windows\system32;C:\Windows;C:\Windows\System32\Wbem;C:\Windows\System32\WindowsPowerShell\v1.0\;C:\Windows\System32\OpenSSH\;C:\Program Files (x86)\NVIDIA Corporation\PhysX\Common;C:\Program Files (x86)\Intel\Intel(R) Management Engine Components\DAL;C:\Program Files\Intel\Intel(R) Management Engine Components\DAL;C:\Program Files (x86)\Intel\Intel(R) Management Engine Components\IPT;C:\Program Files\Intel\Intel(R) Management Engine Components\IPT;C:\Program Files\Intel\WiFi\bin\;C:\Program Files\Common Files\Intel\WirelessCommon\;E:\svn\bin;C:\WINDOWS\system32;C:\WINDOWS;C:\WINDOWS\System32\Wbem;C:\WINDOWS\System32\WindowsPowerShell\v1.0\;C:\WINDOWS\System32\OpenSSH\;E:\node\;C:\Program Files\MySQL\MySQL Utilities 1.6\;E:\xftp\;E:\git\Git\cmd;C:\Users\半仙\AppData\Local\Microsoft\WindowsApps;C:\Program Files\Java\jdk1.8.0_131\bin;D:\Bandizip\;C:\Users\半仙\AppData\Roaming\npm;E:\apache-maven-3.6.0\bin;E:\git\Git\bin;E:\rocketmq-4.8.0\bin;localhost:9876;F:\gradle-4.6\bin;;.]
2021-07-13 12:47:02.394  INFO 13412 --- [localhost-startStop-1] o.a.c.c.C.[Tomcat].[localhost].[/]       : Initializing Spring embedded WebApplicationContext
2021-07-13 12:47:02.395  INFO 13412 --- [localhost-startStop-1] o.s.web.context.ContextLoader            : Root WebApplicationContext: initialization completed in 15294 ms
2021-07-13 12:47:03.559  INFO 13412 --- [localhost-startStop-1] org.redisson.Version                     : Redisson 3.16.0
2021-07-13 12:47:04.900  INFO 13412 --- [redisson-netty-2-13] o.r.c.pool.MasterPubSubConnectionPool    : 1 connections initialized for 127.0.0.1/127.0.0.1:6379
2021-07-13 12:47:04.918  INFO 13412 --- [redisson-netty-2-19] o.r.c.pool.MasterConnectionPool          : 24 connections initialized for 127.0.0.1/127.0.0.1:6379
2021-07-13 12:47:05.420  INFO 13412 --- [localhost-startStop-1] o.s.b.w.servlet.ServletRegistrationBean  : Servlet dispatcherServlet mapped to [/]
2021-07-13 12:47:05.421  INFO 13412 --- [localhost-startStop-1] o.s.b.w.servlet.ServletRegistrationBean  : Servlet messageDispatcherServlet mapped to [/services/*]
2021-07-13 12:47:05.425  INFO 13412 --- [localhost-startStop-1] o.s.b.w.servlet.FilterRegistrationBean   : Mapping filter: 'characterEncodingFilter' to: [/*]
2021-07-13 12:47:05.425  INFO 13412 --- [localhost-startStop-1] o.s.b.w.servlet.FilterRegistrationBean   : Mapping filter: 'hiddenHttpMethodFilter' to: [/*]
2021-07-13 12:47:05.425  INFO 13412 --- [localhost-startStop-1] o.s.b.w.servlet.FilterRegistrationBean   : Mapping filter: 'httpPutFormContentFilter' to: [/*]
2021-07-13 12:47:05.425  INFO 13412 --- [localhost-startStop-1] o.s.b.w.servlet.FilterRegistrationBean   : Mapping filter: 'requestContextFilter' to: [/*]
2021-07-13 12:47:05.425  INFO 13412 --- [localhost-startStop-1] o.s.b.w.servlet.FilterRegistrationBean   : Mapping filter: 'httpTraceFilter' to: [/*]
2021-07-13 12:47:05.425  INFO 13412 --- [localhost-startStop-1] o.s.b.w.servlet.FilterRegistrationBean   : Mapping filter: 'webMvcMetricsFilter' to: [/*]
2021-07-13 12:47:06.333  INFO 13412 --- [main] s.w.s.m.m.a.RequestMappingHandlerAdapter : Looking for @ControllerAdvice: org.springframework.boot.web.servlet.context.AnnotationConfigServletWebServerApplicationContext@2ce6c6ec: startup date [Tue Jul 13 12:46:47 CST 2021]; root of context hierarchy
2021-07-13 12:47:06.411  INFO 13412 --- [main] s.w.s.m.m.a.RequestMappingHandlerMapping : Mapped "{[/redis]}" onto public java.lang.String com.example.demo.spboot.controller.RedisController.redis()
2021-07-13 12:47:06.414  INFO 13412 --- [main] s.w.s.m.m.a.RequestMappingHandlerMapping : Mapped "{[/insert]}" onto public java.lang.String com.example.demo.spboot.controller.UserAction.insert(java.lang.String,java.lang.String)
2021-07-13 12:47:06.415  INFO 13412 --- [main] s.w.s.m.m.a.RequestMappingHandlerMapping : Mapped "{[/query/{aac002}]}" onto public java.lang.String com.example.demo.spboot.controller.UserAction.query(java.lang.String)
2021-07-13 12:47:06.415  INFO 13412 --- [main] s.w.s.m.m.a.RequestMappingHandlerMapping : Mapped "{[/form],methods=[POST]}" onto public java.lang.String com.example.demo.spboot.controller.UserAction.upload(org.springframework.web.multipart.MultipartFile)
2021-07-13 12:47:06.415  INFO 13412 --- [main] s.w.s.m.m.a.RequestMappingHandlerMapping : Mapped "{[/test]}" onto public java.lang.String com.example.demo.spboot.controller.UserAction.testGetWay()
2021-07-13 12:47:06.417  INFO 13412 --- [main] s.w.s.m.m.a.RequestMappingHandlerMapping : Mapped "{[/error]}" onto public org.springframework.http.ResponseEntity<java.util.Map<java.lang.String, java.lang.Object>> org.springframework.boot.autoconfigure.web.servlet.error.BasicErrorController.error(javax.servlet.http.HttpServletRequest)
2021-07-13 12:47:06.418  INFO 13412 --- [main] s.w.s.m.m.a.RequestMappingHandlerMapping : Mapped "{[/error],produces=[text/html]}" onto public org.springframework.web.servlet.ModelAndView org.springframework.boot.autoconfigure.web.servlet.error.BasicErrorController.errorHtml(javax.servlet.http.HttpServletRequest,javax.servlet.http.HttpServletResponse)
2021-07-13 12:47:06.502  INFO 13412 --- [main] o.s.w.s.handler.SimpleUrlHandlerMapping  : Mapped URL path [/webjars/**] onto handler of type [class org.springframework.web.servlet.resource.ResourceHttpRequestHandler]
2021-07-13 12:47:06.502  INFO 13412 --- [main] o.s.w.s.handler.SimpleUrlHandlerMapping  : Mapped URL path [/**] onto handler of type [class org.springframework.web.servlet.resource.ResourceHttpRequestHandler]
2021-07-13 12:47:06.546  INFO 13412 --- [main] .m.m.a.ExceptionHandlerExceptionResolver : Detected @ExceptionHandler methods in globleException
2021-07-13 12:47:06.587  INFO 13412 --- [main] o.s.w.s.handler.SimpleUrlHandlerMapping  : Mapped URL path [/**/favicon.ico] onto handler of type [class org.springframework.web.servlet.resource.ResourceHttpRequestHandler]
2021-07-13 12:47:06.635  WARN 13412 --- [main] ion$DefaultTemplateResolverConfiguration : Cannot find template location: classpath:/templates/ (please add some templates or check your Thymeleaf configuration)
2021-07-13 12:47:06.745  INFO 13412 --- [main] o.s.b.a.w.s.WelcomePageHandlerMapping    : Adding welcome page: class path resource [static/index.html]
2021-07-13 12:47:07.657  INFO 13412 --- [main] s.b.a.e.w.s.WebMvcEndpointHandlerMapping : Mapped "{[/actuator/health],methods=[GET],produces=[application/vnd.spring-boot.actuator.v2+json || application/json]}" onto public java.lang.Object org.springframework.boot.actuate.endpoint.web.servlet.AbstractWebMvcEndpointHandlerMapping$OperationHandler.handle(javax.servlet.http.HttpServletRequest,java.util.Map<java.lang.String, java.lang.String>)
2021-07-13 12:47:07.658  INFO 13412 --- [main] s.b.a.e.w.s.WebMvcEndpointHandlerMapping : Mapped "{[/actuator/info],methods=[GET],produces=[application/vnd.spring-boot.actuator.v2+json || application/json]}" onto public java.lang.Object org.springframework.boot.actuate.endpoint.web.servlet.AbstractWebMvcEndpointHandlerMapping$OperationHandler.handle(javax.servlet.http.HttpServletRequest,java.util.Map<java.lang.String, java.lang.String>)
2021-07-13 12:47:07.659  INFO 13412 --- [main] s.b.a.e.w.s.WebMvcEndpointHandlerMapping : Mapped "{[/actuator],methods=[GET],produces=[application/vnd.spring-boot.actuator.v2+json || application/json]}" onto protected java.util.Map<java.lang.String, java.util.Map<java.lang.String, org.springframework.boot.actuate.endpoint.web.Link>> org.springframework.boot.actuate.endpoint.web.servlet.WebMvcEndpointHandlerMapping.links(javax.servlet.http.HttpServletRequest,javax.servlet.http.HttpServletResponse)
2021-07-13 12:47:08.021  INFO 13412 --- [main] o.s.j.e.a.AnnotationMBeanExporter        : Registering beans for JMX exposure on startup
2021-07-13 12:47:08.022  INFO 13412 --- [main] o.s.j.e.a.AnnotationMBeanExporter        : Bean with name 'dataSource' has been autodetected for JMX exposure
2021-07-13 12:47:08.028  INFO 13412 --- [main] o.s.j.e.a.AnnotationMBeanExporter        : Bean with name 'rabbitConnectionFactory' has been autodetected for JMX exposure
2021-07-13 12:47:08.032  INFO 13412 --- [main] o.s.j.e.a.AnnotationMBeanExporter        : Located MBean 'dataSource': registering with JMX server as MBean [com.zaxxer.hikari:name=dataSource,type=HikariDataSource]
2021-07-13 12:47:08.033  INFO 13412 --- [main] o.s.j.e.a.AnnotationMBeanExporter        : Located managed bean 'rabbitConnectionFactory': registering with JMX server as MBean [org.springframework.amqp.rabbit.connection:name=rabbitConnectionFactory,type=CachingConnectionFactory]
2021-07-13 12:47:08.055  INFO 13412 --- [main] o.s.c.support.DefaultLifecycleProcessor  : Starting beans in phase 2147483647
2021-07-13 12:47:08.083  INFO 13412 --- [main] o.s.b.w.embedded.tomcat.TomcatWebServer  : Tomcat started on port(s): 8080 (http) with context path ''
2021-07-13 12:47:08.087  INFO 13412 --- [main] com.example.demo.spboot.SpAction         : Started SpAction in 21.525 seconds (JVM running for 23.897)
2021-07-13 12:47:08.619  INFO 13412 --- [RMI TCP Connection(5)-127.0.0.1] o.s.a.r.c.CachingConnectionFactory       : Attempting to connect to: [localhost:5672]
2021-07-13 12:47:08.622  INFO 13412 --- [RMI TCP Connection(4)-127.0.0.1] o.a.c.c.C.[Tomcat].[localhost].[/]       : Initializing Spring FrameworkServlet 'dispatcherServlet'
2021-07-13 12:47:08.622  INFO 13412 --- [RMI TCP Connection(4)-127.0.0.1] o.s.web.servlet.DispatcherServlet        : FrameworkServlet 'dispatcherServlet': initialization started
2021-07-13 12:47:08.642  INFO 13412 --- [RMI TCP Connection(4)-127.0.0.1] o.s.web.servlet.DispatcherServlet        : FrameworkServlet 'dispatcherServlet': initialization completed in 20 ms
2021-07-13 12:47:12.730  WARN 13412 --- [RMI TCP Connection(5)-127.0.0.1] o.s.b.a.amqp.RabbitHealthIndicator       : Rabbit health check failed

org.springframework.amqp.AmqpConnectException: java.net.ConnectException: Connection refused: connect
	at org.springframework.amqp.rabbit.support.RabbitExceptionTranslator.convertRabbitAccessException(RabbitExceptionTranslator.java:62) ~[spring-rabbit-2.0.2.RELEASE.jar:2.0.2.RELEASE]
	at org.springframework.amqp.rabbit.connection.AbstractConnectionFactory.createBareConnection(AbstractConnectionFactory.java:476) ~[spring-rabbit-2.0.2.RELEASE.jar:2.0.2.RELEASE]
	at org.springframework.amqp.rabbit.connection.CachingConnectionFactory.createConnection(CachingConnectionFactory.java:614) ~[spring-rabbit-2.0.2.RELEASE.jar:2.0.2.RELEASE]
	at org.springframework.amqp.rabbit.connection.ConnectionFactoryUtils.createConnection(ConnectionFactoryUtils.java:240) ~[spring-rabbit-2.0.2.RELEASE.jar:2.0.2.RELEASE]
	at org.springframework.amqp.rabbit.core.RabbitTemplate.doExecute(RabbitTemplate.java:1810) ~[spring-rabbit-2.0.2.RELEASE.jar:2.0.2.RELEASE]
	at org.springframework.amqp.rabbit.core.RabbitTemplate.execute(RabbitTemplate.java:1784) ~[spring-rabbit-2.0.2.RELEASE.jar:2.0.2.RELEASE]
	at org.springframework.amqp.rabbit.core.RabbitTemplate.execute(RabbitTemplate.java:1765) ~[spring-rabbit-2.0.2.RELEASE.jar:2.0.2.RELEASE]
	at org.springframework.boot.actuate.amqp.RabbitHealthIndicator.getVersion(RabbitHealthIndicator.java:48) ~[spring-boot-actuator-2.0.0.RELEASE.jar:2.0.0.RELEASE]
	at org.springframework.boot.actuate.amqp.RabbitHealthIndicator.doHealthCheck(RabbitHealthIndicator.java:44) ~[spring-boot-actuator-2.0.0.RELEASE.jar:2.0.0.RELEASE]
	at org.springframework.boot.actuate.health.AbstractHealthIndicator.health(AbstractHealthIndicator.java:84) ~[spring-boot-actuator-2.0.0.RELEASE.jar:2.0.0.RELEASE]
	at org.springframework.boot.actuate.health.CompositeHealthIndicator.health(CompositeHealthIndicator.java:68) [spring-boot-actuator-2.0.0.RELEASE.jar:2.0.0.RELEASE]
	at org.springframework.boot.actuate.health.HealthEndpoint.health(HealthEndpoint.java:47) [spring-boot-actuator-2.0.0.RELEASE.jar:2.0.0.RELEASE]
	at sun.reflect.NativeMethodAccessorImpl.invoke0(Native Method) ~[na:1.8.0_131]
	at sun.reflect.NativeMethodAccessorImpl.invoke(NativeMethodAccessorImpl.java:62) ~[na:1.8.0_131]
	at sun.reflect.DelegatingMethodAccessorImpl.invoke(DelegatingMethodAccessorImpl.java:43) ~[na:1.8.0_131]
	at java.lang.reflect.Method.invoke(Method.java:498) ~[na:1.8.0_131]
	at org.springframework.util.ReflectionUtils.invokeMethod(ReflectionUtils.java:223) [spring-core-5.0.4.RELEASE.jar:5.0.4.RELEASE]
	at org.springframework.boot.actuate.endpoint.invoke.reflect.ReflectiveOperationInvoker.invoke(ReflectiveOperationInvoker.java:76) [spring-boot-actuator-2.0.0.RELEASE.jar:2.0.0.RELEASE]
	at org.springframework.boot.actuate.endpoint.annotation.AbstractDiscoveredOperation.invoke(AbstractDiscoveredOperation.java:61) [spring-boot-actuator-2.0.0.RELEASE.jar:2.0.0.RELEASE]
	at org.springframework.boot.actuate.endpoint.jmx.EndpointMBean.invoke(EndpointMBean.java:102) [spring-boot-actuator-2.0.0.RELEASE.jar:2.0.0.RELEASE]
	at org.springframework.boot.actuate.endpoint.jmx.EndpointMBean.invoke(EndpointMBean.java:93) [spring-boot-actuator-2.0.0.RELEASE.jar:2.0.0.RELEASE]
	at com.sun.jmx.interceptor.DefaultMBeanServerInterceptor.invoke(DefaultMBeanServerInterceptor.java:819) [na:1.8.0_131]
	at com.sun.jmx.mbeanserver.JmxMBeanServer.invoke(JmxMBeanServer.java:801) [na:1.8.0_131]
	at javax.management.remote.rmi.RMIConnectionImpl.doOperation(RMIConnectionImpl.java:1468) [na:1.8.0_131]
	at javax.management.remote.rmi.RMIConnectionImpl.access$300(RMIConnectionImpl.java:76) [na:1.8.0_131]
	at javax.management.remote.rmi.RMIConnectionImpl$PrivilegedOperation.run(RMIConnectionImpl.java:1309) [na:1.8.0_131]
	at javax.management.remote.rmi.RMIConnectionImpl.doPrivilegedOperation(RMIConnectionImpl.java:1401) [na:1.8.0_131]
	at javax.management.remote.rmi.RMIConnectionImpl.invoke(RMIConnectionImpl.java:829) [na:1.8.0_131]
	at sun.reflect.GeneratedMethodAccessor51.invoke(Unknown Source) ~[na:na]
	at sun.reflect.DelegatingMethodAccessorImpl.invoke(DelegatingMethodAccessorImpl.java:43) ~[na:1.8.0_131]
	at java.lang.reflect.Method.invoke(Method.java:498) ~[na:1.8.0_131]
	at sun.rmi.server.UnicastServerRef.dispatch(UnicastServerRef.java:346) [na:1.8.0_131]
	at sun.rmi.transport.Transport$1.run(Transport.java:200) [na:1.8.0_131]
	at sun.rmi.transport.Transport$1.run(Transport.java:197) [na:1.8.0_131]
	at java.security.AccessController.doPrivileged(Native Method) [na:1.8.0_131]
	at sun.rmi.transport.Transport.serviceCall(Transport.java:196) [na:1.8.0_131]
	at sun.rmi.transport.tcp.TCPTransport.handleMessages(TCPTransport.java:568) [na:1.8.0_131]
	at sun.rmi.transport.tcp.TCPTransport$ConnectionHandler.run0(TCPTransport.java:826) [na:1.8.0_131]
	at sun.rmi.transport.tcp.TCPTransport$ConnectionHandler.lambda$run$0(TCPTransport.java:683) [na:1.8.0_131]
	at java.security.AccessController.doPrivileged(Native Method) [na:1.8.0_131]
	at sun.rmi.transport.tcp.TCPTransport$ConnectionHandler.run(TCPTransport.java:682) [na:1.8.0_131]
	at java.util.concurrent.ThreadPoolExecutor.runWorker(ThreadPoolExecutor.java:1142) ~[na:1.8.0_131]
	at java.util.concurrent.ThreadPoolExecutor$Worker.run(ThreadPoolExecutor.java:617) ~[na:1.8.0_131]
	at java.lang.Thread.run(Thread.java:748) ~[na:1.8.0_131]
Caused by: java.net.ConnectException: Connection refused: connect
	at java.net.DualStackPlainSocketImpl.waitForConnect(Native Method) ~[na:1.8.0_131]
	at java.net.DualStackPlainSocketImpl.socketConnect(DualStackPlainSocketImpl.java:85) ~[na:1.8.0_131]
	at java.net.AbstractPlainSocketImpl.doConnect(AbstractPlainSocketImpl.java:350) ~[na:1.8.0_131]
	at java.net.AbstractPlainSocketImpl.connectToAddress(AbstractPlainSocketImpl.java:206) ~[na:1.8.0_131]
	at java.net.AbstractPlainSocketImpl.connect(AbstractPlainSocketImpl.java:188) ~[na:1.8.0_131]
	at java.net.PlainSocketImpl.connect(PlainSocketImpl.java:172) ~[na:1.8.0_131]
	at java.net.SocksSocketImpl.connect(SocksSocketImpl.java:392) ~[na:1.8.0_131]
	at java.net.Socket.connect(Socket.java:589) ~[na:1.8.0_131]
	at com.rabbitmq.client.impl.SocketFrameHandlerFactory.create(SocketFrameHandlerFactory.java:60) ~[amqp-client-5.1.2.jar:5.1.2]
	at com.rabbitmq.client.ConnectionFactory.newConnection(ConnectionFactory.java:955) ~[amqp-client-5.1.2.jar:5.1.2]
	at com.rabbitmq.client.ConnectionFactory.newConnection(ConnectionFactory.java:907) ~[amqp-client-5.1.2.jar:5.1.2]
	at com.rabbitmq.client.ConnectionFactory.newConnection(ConnectionFactory.java:847) ~[amqp-client-5.1.2.jar:5.1.2]
	at org.springframework.amqp.rabbit.connection.AbstractConnectionFactory.createBareConnection(AbstractConnectionFactory.java:449) ~[spring-rabbit-2.0.2.RELEASE.jar:2.0.2.RELEASE]
	... 42 common frames omitted

2021-07-13 12:47:12.924  INFO 13412 --- [JMX connector] o.a.a.broker.jmx.ManagementContext       : JMX consoles can connect to service:jmx:rmi:///jndi/rmi://localhost:1099/jmxrmi
2021-07-13 12:47:12.928  INFO 13412 --- [RMI TCP Connection(5)-127.0.0.1] o.apache.activemq.broker.BrokerService   : Using Persistence Adapter: MemoryPersistenceAdapter
2021-07-13 12:47:13.091  INFO 13412 --- [RMI TCP Connection(5)-127.0.0.1] o.apache.activemq.broker.BrokerService   : Apache ActiveMQ 5.15.3 (localhost, ID:banxian-50152-1626151632935-0:1) is starting
2021-07-13 12:47:13.095  INFO 13412 --- [RMI TCP Connection(5)-127.0.0.1] o.apache.activemq.broker.BrokerService   : Apache ActiveMQ 5.15.3 (localhost, ID:banxian-50152-1626151632935-0:1) started
2021-07-13 12:47:13.095  INFO 13412 --- [RMI TCP Connection(5)-127.0.0.1] o.apache.activemq.broker.BrokerService   : For help or more information please see: http://activemq.apache.org
2021-07-13 12:47:13.126  INFO 13412 --- [RMI TCP Connection(5)-127.0.0.1] o.a.activemq.broker.TransportConnector   : Connector vm://localhost started
2021-07-13 12:47:13.160  INFO 13412 --- [RMI TCP Connection(5)-127.0.0.1] o.a.activemq.broker.TransportConnector   : Connector vm://localhost stopped
2021-07-13 12:47:13.160  INFO 13412 --- [RMI TCP Connection(5)-127.0.0.1] o.apache.activemq.broker.BrokerService   : Apache ActiveMQ 5.15.3 (localhost, ID:banxian-50152-1626151632935-0:1) is shutting down
2021-07-13 12:47:13.167  INFO 13412 --- [RMI TCP Connection(5)-127.0.0.1] o.apache.activemq.broker.BrokerService   : Apache ActiveMQ 5.15.3 (localhost, ID:banxian-50152-1626151632935-0:1) uptime 0.262 seconds
2021-07-13 12:47:13.167  INFO 13412 --- [RMI TCP Connection(5)-127.0.0.1] o.apache.activemq.broker.BrokerService   : Apache ActiveMQ 5.15.3 (localhost, ID:banxian-50152-1626151632935-0:1) is shutdown
2021-07-13 12:47:13.170  INFO 13412 --- [RMI TCP Connection(5)-127.0.0.1] com.zaxxer.hikari.HikariDataSource       : HikariPool-1 - Starting...
2021-07-13 12:47:13.361  INFO 13412 --- [RMI TCP Connection(5)-127.0.0.1] com.zaxxer.hikari.HikariDataSource       : HikariPool-1 - Start completed.
2021-07-13 12:47:13.434  WARN 13412 --- [redisson-netty-2-2] io.netty.util.concurrent.DefaultPromise  : An exception was thrown by org.redisson.misc.RedissonPromise$$Lambda$442/1854047942.operationComplete()

java.lang.AbstractMethodError: org.redisson.spring.data.connection.RedissonReactiveRedisConnection.close()V
	at org.springframework.boot.actuate.redis.RedisReactiveHealthIndicator.lambda$doHealthCheck$1(RedisReactiveHealthIndicator.java:50) ~[spring-boot-actuator-2.0.0.RELEASE.jar:2.0.0.RELEASE]
	at reactor.core.publisher.FluxDoFinally$DoFinallySubscriber.runFinally(FluxDoFinally.java:156) ~[reactor-core-3.1.5.RELEASE.jar:3.1.5.RELEASE]
	at reactor.core.publisher.FluxDoFinally$DoFinallySubscriber.onComplete(FluxDoFinally.java:139) ~[reactor-core-3.1.5.RELEASE.jar:3.1.5.RELEASE]
	at reactor.core.publisher.FluxMap$MapSubscriber.onComplete(FluxMap.java:130) ~[reactor-core-3.1.5.RELEASE.jar:3.1.5.RELEASE]
	at reactor.core.publisher.Operators$MultiSubscriptionSubscriber.onComplete(Operators.java:1304) ~[reactor-core-3.1.5.RELEASE.jar:3.1.5.RELEASE]
	at reactor.core.publisher.MonoNext$NextSubscriber.onComplete(MonoNext.java:96) ~[reactor-core-3.1.5.RELEASE.jar:3.1.5.RELEASE]
	at reactor.core.publisher.MonoNext$NextSubscriber.onNext(MonoNext.java:77) ~[reactor-core-3.1.5.RELEASE.jar:3.1.5.RELEASE]
	at reactor.core.publisher.FluxCreate$BufferAsyncSink.drain(FluxCreate.java:721) ~[reactor-core-3.1.5.RELEASE.jar:3.1.5.RELEASE]
	at reactor.core.publisher.FluxCreate$BufferAsyncSink.next(FluxCreate.java:652) ~[reactor-core-3.1.5.RELEASE.jar:3.1.5.RELEASE]
	at reactor.core.publisher.FluxCreate$SerializedSink.next(FluxCreate.java:146) ~[reactor-core-3.1.5.RELEASE.jar:3.1.5.RELEASE]
	at org.redisson.reactive.CommandReactiveService.lambda$reactive$1(CommandReactiveService.java:62) ~[redisson-3.16.0.jar:3.16.0]
	at org.redisson.misc.RedissonPromise.lambda$onComplete$0(RedissonPromise.java:187) [redisson-3.16.0.jar:3.16.0]
	at io.netty.util.concurrent.DefaultPromise.notifyListener0(DefaultPromise.java:511) [netty-common-4.1.22.Final.jar:4.1.22.Final]
	at io.netty.util.concurrent.DefaultPromise.notifyListeners0(DefaultPromise.java:504) [netty-common-4.1.22.Final.jar:4.1.22.Final]
	at io.netty.util.concurrent.DefaultPromise.notifyListenersNow(DefaultPromise.java:483) [netty-common-4.1.22.Final.jar:4.1.22.Final]
	at io.netty.util.concurrent.DefaultPromise.notifyListeners(DefaultPromise.java:424) [netty-common-4.1.22.Final.jar:4.1.22.Final]
	at io.netty.util.concurrent.DefaultPromise.trySuccess(DefaultPromise.java:103) [netty-common-4.1.22.Final.jar:4.1.22.Final]
	at org.redisson.misc.RedissonPromise.trySuccess(RedissonPromise.java:82) [redisson-3.16.0.jar:3.16.0]
	at org.redisson.command.RedisExecutor.handleReference(RedisExecutor.java:484) [redisson-3.16.0.jar:3.16.0]
	at org.redisson.command.RedisExecutor.handleSuccess(RedisExecutor.java:476) [redisson-3.16.0.jar:3.16.0]
	at org.redisson.command.RedisExecutor.handleResult(RedisExecutor.java:461) [redisson-3.16.0.jar:3.16.0]
	at org.redisson.command.RedisExecutor.checkAttemptPromise(RedisExecutor.java:447) [redisson-3.16.0.jar:3.16.0]
	at org.redisson.command.RedisExecutor.lambda$execute$3(RedisExecutor.java:169) [redisson-3.16.0.jar:3.16.0]
	at org.redisson.misc.RedissonPromise.lambda$onComplete$0(RedissonPromise.java:187) [redisson-3.16.0.jar:3.16.0]
	at io.netty.util.concurrent.DefaultPromise.notifyListener0(DefaultPromise.java:511) [netty-common-4.1.22.Final.jar:4.1.22.Final]
	at io.netty.util.concurrent.DefaultPromise.notifyListenersNow(DefaultPromise.java:485) [netty-common-4.1.22.Final.jar:4.1.22.Final]
	at io.netty.util.concurrent.DefaultPromise.notifyListeners(DefaultPromise.java:424) [netty-common-4.1.22.Final.jar:4.1.22.Final]
	at io.netty.util.concurrent.DefaultPromise.trySuccess(DefaultPromise.java:103) [netty-common-4.1.22.Final.jar:4.1.22.Final]
	at org.redisson.misc.RedissonPromise.trySuccess(RedissonPromise.java:82) [redisson-3.16.0.jar:3.16.0]
	at org.redisson.client.handler.CommandDecoder.completeResponse(CommandDecoder.java:435) ~[redisson-3.16.0.jar:3.16.0]
	at org.redisson.client.handler.CommandDecoder.handleResult(CommandDecoder.java:429) ~[redisson-3.16.0.jar:3.16.0]
	at org.redisson.client.handler.CommandDecoder.decode(CommandDecoder.java:360) ~[redisson-3.16.0.jar:3.16.0]
	at org.redisson.client.handler.CommandDecoder.decodeCommand(CommandDecoder.java:177) ~[redisson-3.16.0.jar:3.16.0]
	at org.redisson.client.handler.CommandDecoder.decode(CommandDecoder.java:116) ~[redisson-3.16.0.jar:3.16.0]
	at org.redisson.client.handler.CommandDecoder.decode(CommandDecoder.java:101) ~[redisson-3.16.0.jar:3.16.0]
	at io.netty.handler.codec.ByteToMessageDecoder.decodeRemovalReentryProtection(ByteToMessageDecoder.java:489) ~[netty-codec-4.1.22.Final.jar:4.1.22.Final]
	at io.netty.handler.codec.ReplayingDecoder.callDecode(ReplayingDecoder.java:367) ~[netty-codec-4.1.22.Final.jar:4.1.22.Final]
	at io.netty.handler.codec.ByteToMessageDecoder.channelRead(ByteToMessageDecoder.java:265) ~[netty-codec-4.1.22.Final.jar:4.1.22.Final]
	at io.netty.channel.AbstractChannelHandlerContext.invokeChannelRead(AbstractChannelHandlerContext.java:362) ~[netty-transport-4.1.22.Final.jar:4.1.22.Final]
	at io.netty.channel.AbstractChannelHandlerContext.invokeChannelRead(AbstractChannelHandlerContext.java:348) ~[netty-transport-4.1.22.Final.jar:4.1.22.Final]
	at io.netty.channel.AbstractChannelHandlerContext.fireChannelRead(AbstractChannelHandlerContext.java:340) ~[netty-transport-4.1.22.Final.jar:4.1.22.Final]
	at io.netty.channel.ChannelInboundHandlerAdapter.channelRead(ChannelInboundHandlerAdapter.java:86) ~[netty-transport-4.1.22.Final.jar:4.1.22.Final]
	at io.netty.channel.AbstractChannelHandlerContext.invokeChannelRead(AbstractChannelHandlerContext.java:362) ~[netty-transport-4.1.22.Final.jar:4.1.22.Final]
	at io.netty.channel.AbstractChannelHandlerContext.invokeChannelRead(AbstractChannelHandlerContext.java:348) ~[netty-transport-4.1.22.Final.jar:4.1.22.Final]
	at io.netty.channel.AbstractChannelHandlerContext.fireChannelRead(AbstractChannelHandlerContext.java:340) ~[netty-transport-4.1.22.Final.jar:4.1.22.Final]
	at io.netty.channel.ChannelInboundHandlerAdapter.channelRead(ChannelInboundHandlerAdapter.java:86) ~[netty-transport-4.1.22.Final.jar:4.1.22.Final]
	at io.netty.channel.AbstractChannelHandlerContext.invokeChannelRead(AbstractChannelHandlerContext.java:362) ~[netty-transport-4.1.22.Final.jar:4.1.22.Final]
	at io.netty.channel.AbstractChannelHandlerContext.invokeChannelRead(AbstractChannelHandlerContext.java:348) ~[netty-transport-4.1.22.Final.jar:4.1.22.Final]
	at io.netty.channel.AbstractChannelHandlerContext.fireChannelRead(AbstractChannelHandlerContext.java:340) ~[netty-transport-4.1.22.Final.jar:4.1.22.Final]
	at io.netty.channel.ChannelInboundHandlerAdapter.channelRead(ChannelInboundHandlerAdapter.java:86) ~[netty-transport-4.1.22.Final.jar:4.1.22.Final]
	at io.netty.channel.AbstractChannelHandlerContext.invokeChannelRead(AbstractChannelHandlerContext.java:362) ~[netty-transport-4.1.22.Final.jar:4.1.22.Final]
	at io.netty.channel.AbstractChannelHandlerContext.invokeChannelRead(AbstractChannelHandlerContext.java:348) ~[netty-transport-4.1.22.Final.jar:4.1.22.Final]
	at io.netty.channel.AbstractChannelHandlerContext.fireChannelRead(AbstractChannelHandlerContext.java:340) ~[netty-transport-4.1.22.Final.jar:4.1.22.Final]
	at io.netty.channel.ChannelInboundHandlerAdapter.channelRead(ChannelInboundHandlerAdapter.java:86) ~[netty-transport-4.1.22.Final.jar:4.1.22.Final]
	at io.netty.channel.AbstractChannelHandlerContext.invokeChannelRead(AbstractChannelHandlerContext.java:362) ~[netty-transport-4.1.22.Final.jar:4.1.22.Final]
	at io.netty.channel.AbstractChannelHandlerContext.invokeChannelRead(AbstractChannelHandlerContext.java:348) ~[netty-transport-4.1.22.Final.jar:4.1.22.Final]
	at io.netty.channel.AbstractChannelHandlerContext.fireChannelRead(AbstractChannelHandlerContext.java:340) ~[netty-transport-4.1.22.Final.jar:4.1.22.Final]
	at io.netty.channel.DefaultChannelPipeline$HeadContext.channelRead(DefaultChannelPipeline.java:1414) ~[netty-transport-4.1.22.Final.jar:4.1.22.Final]
	at io.netty.channel.AbstractChannelHandlerContext.invokeChannelRead(AbstractChannelHandlerContext.java:362) ~[netty-transport-4.1.22.Final.jar:4.1.22.Final]
	at io.netty.channel.AbstractChannelHandlerContext.invokeChannelRead(AbstractChannelHandlerContext.java:348) ~[netty-transport-4.1.22.Final.jar:4.1.22.Final]
	at io.netty.channel.DefaultChannelPipeline.fireChannelRead(DefaultChannelPipeline.java:945) ~[netty-transport-4.1.22.Final.jar:4.1.22.Final]
	at io.netty.channel.nio.AbstractNioByteChannel$NioByteUnsafe.read(AbstractNioByteChannel.java:146) ~[netty-transport-4.1.22.Final.jar:4.1.22.Final]
	at io.netty.channel.nio.NioEventLoop.processSelectedKey(NioEventLoop.java:645) ~[netty-transport-4.1.22.Final.jar:4.1.22.Final]
	at io.netty.channel.nio.NioEventLoop.processSelectedKeysOptimized(NioEventLoop.java:580) ~[netty-transport-4.1.22.Final.jar:4.1.22.Final]
	at io.netty.channel.nio.NioEventLoop.processSelectedKeys(NioEventLoop.java:497) ~[netty-transport-4.1.22.Final.jar:4.1.22.Final]
	at io.netty.channel.nio.NioEventLoop.run(NioEventLoop.java:459) ~[netty-transport-4.1.22.Final.jar:4.1.22.Final]
	at io.netty.util.concurrent.SingleThreadEventExecutor$5.run(SingleThreadEventExecutor.java:886) ~[netty-common-4.1.22.Final.jar:4.1.22.Final]
	at io.netty.util.concurrent.FastThreadLocalRunnable.run(FastThreadLocalRunnable.java:30) ~[netty-common-4.1.22.Final.jar:4.1.22.Final]
	at java.lang.Thread.run(Thread.java:748) ~[na:1.8.0_131]

2021-07-13 12:52:26.169  WARN 13412 --- [HikariPool-1 housekeeper] com.zaxxer.hikari.pool.HikariPool        : HikariPool-1 - Thread starvation or clock leap detected (housekeeper delta=58s646ms909µs200ns).
